Flow report for UAV
Fri Sep 15 10:04:46 2017
Quartus II Version 11.0 Build 157 04/27/2011 SJ Full Version


---------------------
; Table of Contents ;
---------------------
  1. Legal Notice
  2. Flow Summary
  3. Flow Settings
  4. Flow Non-Default Global Settings
  5. Flow Elapsed Time
  6. Flow OS Summary
  7. Flow Log



----------------
; Legal Notice ;
----------------
Copyright (C) 1991-2011 Altera Corporation
Your use of Altera Corporation's design tools, logic functions 
and other software and tools, and its AMPP partner logic 
functions, and any output files from any of the foregoing 
(including device programming or simulation files), and any 
associated documentation or information are expressly subject 
to the terms and conditions of the Altera Program License 
Subscription Agreement, Altera MegaCore Function License 
Agreement, or other applicable license agreement, including, 
without limitation, that your use is for the sole purpose of 
programming logic devices manufactured by Altera and sold by 
Altera or its authorized distributors.  Please refer to the 
applicable agreement for further details.



+--------------------------------------------------------------------------------+
; Flow Summary                                                                   ;
+------------------------------------+-------------------------------------------+
; Flow Status                        ; Successful - Fri Sep 15 10:04:46 2017     ;
; Quartus II Version                 ; 11.0 Build 157 04/27/2011 SJ Full Version ;
; Revision Name                      ; UAV                                       ;
; Top-level Entity Name              ; UAV                                       ;
; Family                             ; Cyclone IV E                              ;
; Device                             ; EP4CE6E22C8                               ;
; Timing Models                      ; Final                                     ;
; Total logic elements               ; 5,495 / 6,272 ( 88 % )                    ;
;     Total combinational functions  ; 4,930 / 6,272 ( 79 % )                    ;
;     Dedicated logic registers      ; 3,235 / 6,272 ( 52 % )                    ;
; Total registers                    ; 3288                                      ;
; Total pins                         ; 61 / 92 ( 66 % )                          ;
; Total virtual pins                 ; 0                                         ;
; Total memory bits                  ; 73,472 / 276,480 ( 27 % )                 ;
; Embedded Multiplier 9-bit elements ; 4 / 30 ( 13 % )                           ;
; Total PLLs                         ; 1 / 2 ( 50 % )                            ;
+------------------------------------+-------------------------------------------+


+-----------------------------------------+
; Flow Settings                           ;
+-------------------+---------------------+
; Option            ; Setting             ;
+-------------------+---------------------+
; Start date & time ; 09/15/2017 10:03:19 ;
; Main task         ; Compilation         ;
; Revision Name     ; UAV                 ;
+-------------------+---------------------+


+----------------------------------------------------------------------------------------------------------------------+
; Flow Non-Default Global Settings                                                                                     ;
+-------------------------------------+---------------------------------+---------------+-------------+----------------+
; Assignment Name                     ; Value                           ; Default Value ; Entity Name ; Section Id     ;
+-------------------------------------+---------------------------------+---------------+-------------+----------------+
; COMPILER_SIGNATURE_ID               ; 207273072528466.150544099908620 ; --            ; --          ; --             ;
; EDA_OUTPUT_DATA_FORMAT              ; Vhdl                            ; --            ; --          ; eda_simulation ;
; EDA_SIMULATION_TOOL                 ; ModelSim-Altera (VHDL)          ; <None>        ; --          ; --             ;
; IP_TOOL_NAME                        ; ALTPLL                          ; --            ; --          ; --             ;
; IP_TOOL_NAME                        ; ALTPLL                          ; --            ; --          ; --             ;
; IP_TOOL_VERSION                     ; 11.0                            ; --            ; --          ; --             ;
; IP_TOOL_VERSION                     ; 11.0                            ; --            ; --          ; --             ;
; MAX_CORE_JUNCTION_TEMP              ; 85                              ; --            ; --          ; --             ;
; MIN_CORE_JUNCTION_TEMP              ; 0                               ; --            ; --          ; --             ;
; MISC_FILE                           ; altpll0.bsf                     ; --            ; --          ; --             ;
; MISC_FILE                           ; altpll0.cmp                     ; --            ; --          ; --             ;
; MISC_FILE                           ; altpll0.ppf                     ; --            ; --          ; --             ;
; MISC_FILE                           ; altpll1.bsf                     ; --            ; --          ; --             ;
; MISC_FILE                           ; altpll1.cmp                     ; --            ; --          ; --             ;
; MISC_FILE                           ; altpll1.ppf                     ; --            ; --          ; --             ;
; OUTPUT_IO_TIMING_FAR_END_VMEAS      ; Half Signal Swing               ; --            ; --          ; --             ;
; OUTPUT_IO_TIMING_FAR_END_VMEAS      ; Half Signal Swing               ; --            ; --          ; --             ;
; OUTPUT_IO_TIMING_NEAR_END_VMEAS     ; Half Vccio                      ; --            ; --          ; --             ;
; OUTPUT_IO_TIMING_NEAR_END_VMEAS     ; Half Vccio                      ; --            ; --          ; --             ;
; PARTITION_COLOR                     ; 16764057                        ; --            ; --          ; Top            ;
; PARTITION_FITTER_PRESERVATION_LEVEL ; PLACEMENT_AND_ROUTING           ; --            ; --          ; Top            ;
; PARTITION_NETLIST_TYPE              ; SOURCE                          ; --            ; --          ; Top            ;
; SOPC_BUILDER_SIGNATURE_ID           ; Be8385dc0d530000015e69c5f02b    ; --            ; --          ; --             ;
+-------------------------------------+---------------------------------+---------------+-------------+----------------+


+-------------------------------------------------------------------------------------------------------------------------------+
; Flow Elapsed Time                                                                                                             ;
+---------------------------+--------------+-------------------------+---------------------+------------------------------------+
; Module Name               ; Elapsed Time ; Average Processors Used ; Peak Virtual Memory ; Total CPU Time (on all processors) ;
+---------------------------+--------------+-------------------------+---------------------+------------------------------------+
; Analysis & Synthesis      ; 00:00:41     ; 1.0                     ; 458 MB              ; 00:00:40                           ;
; Fitter                    ; 00:00:20     ; 1.3                     ; 507 MB              ; 00:00:22                           ;
; Assembler                 ; 00:00:01     ; 1.0                     ; 334 MB              ; 00:00:02                           ;
; TimeQuest Timing Analyzer ; 00:00:09     ; 1.3                     ; 397 MB              ; 00:00:10                           ;
; EDA Netlist Writer        ; 00:00:09     ; 1.0                     ; 357 MB              ; 00:00:08                           ;
; Total                     ; 00:01:20     ; --                      ; --                  ; 00:01:22                           ;
+---------------------------+--------------+-------------------------+---------------------+------------------------------------+


+----------------------------------------------------------------------------------------+
; Flow OS Summary                                                                        ;
+---------------------------+------------------+-----------+------------+----------------+
; Module Name               ; Machine Hostname ; OS Name   ; OS Version ; Processor type ;
+---------------------------+------------------+-----------+------------+----------------+
; Analysis & Synthesis      ; DESKTOP-L068TB5  ; Windows 7 ; 6.1        ; x86_64         ;
; Fitter                    ; DESKTOP-L068TB5  ; Windows 7 ; 6.1        ; x86_64         ;
; Assembler                 ; DESKTOP-L068TB5  ; Windows 7 ; 6.1        ; x86_64         ;
; TimeQuest Timing Analyzer ; DESKTOP-L068TB5  ; Windows 7 ; 6.1        ; x86_64         ;
; EDA Netlist Writer        ; DESKTOP-L068TB5  ; Windows 7 ; 6.1        ; x86_64         ;
+---------------------------+------------------+-----------+------------+----------------+


------------
; Flow Log ;
------------
quartus_map --read_settings_files=on --write_settings_files=off UAV -c UAV
quartus_fit --read_settings_files=off --write_settings_files=off UAV -c UAV
quartus_asm --read_settings_files=off --write_settings_files=off UAV -c UAV
quartus_sta UAV -c UAV
quartus_eda --read_settings_files=off --write_settings_files=off UAV -c UAV



